Arguments: 
  /nix/store/5iyarm3ginqfqy3806r1y51j9v51xprb-nodejs-10.17.0/bin/node /nix/store/rmqlhwpxas4vhhlyki3v2fldm35vqy9r-node_yarn-1.19.1/bin/yarn install

PATH: 
  /nix/store/c0hwk342ic9vajxpzar9rsz73k4wqbhi-bash-interactive-4.4-p23/bin:/nix/store/m0hgzcwxgxzwph4xy240nmlxkmpsqvyg-patchelf-0.9/bin:/nix/store/qf5wyhdgyhpan3kanl3x7n1bl5nrc45x-gcc-wrapper-8.3.0/bin:/nix/store/zf063w3rz9rh4n2ljcfk4i8md4ba5rsz-gcc-8.3.0/bin:/nix/store/dhpv082my0nmgr1kl1wfv00ff95i8wnn-glibc-2.27-bin/bin:/nix/store/jc34mzphlwyg4p5w4d0lix2cj3yppqwd-coreutils-8.31/bin:/nix/store/dgir9vs99g1f1yhhn8yz3rqf4wzbcskd-binutils-wrapper-2.31.1/bin:/nix/store/a0kdlyvbj9j4l67a8kxjr494qx6g3q0v-binutils-2.31.1/bin:/nix/store/dhpv082my0nmgr1kl1wfv00ff95i8wnn-glibc-2.27-bin/bin:/nix/store/jc34mzphlwyg4p5w4d0lix2cj3yppqwd-coreutils-8.31/bin:/nix/store/rmqlhwpxas4vhhlyki3v2fldm35vqy9r-node_yarn-1.19.1/bin:/nix/store/0jpmg19kj1zr86xp8m8w34zwblh510qa-sassc-3.6.1/bin:/nix/store/jc34mzphlwyg4p5w4d0lix2cj3yppqwd-coreutils-8.31/bin:/nix/store/z39bagbc4k5xa76cry58lrk0lnxay5r1-findutils-4.7.0/bin:/nix/store/p99xrqi5pjl55069glzna0sjmjpi9zra-diffutils-3.7/bin:/nix/store/6j98mvsnqgj6bzrasd96s8b134z8iz34-gnused-4.7/bin:/nix/store/33szav6q4ifp10brnkn9f4shigzcc256-gnugrep-3.3/bin:/nix/store/jdcazlsci23v89msyrxvgfiq2lzbqyrd-gawk-5.0.1/bin:/nix/store/vr4z3ic3ww5fdn5cfsbm0i7rji9jval0-gnutar-1.32/bin:/nix/store/3z323ajpzhvsby41xc5h3l7adp6sl512-gzip-1.10/bin:/nix/store/adwxq88hcj7qmp8b6c5z0rhg284gm38v-bzip2-1.0.6.0.1-bin/bin:/nix/store/m4l4xmhd4aqlg9z821wclz7yi1jmn189-gnumake-4.2.1/bin:/nix/store/jg730c9crhf06bf800jyv85cmq0n285k-bash-4.4-p23/bin:/nix/store/ax52165lisap4qvpkbjzlcv5j854cv7q-patch-2.7.6/bin:/nix/store/fdg5vn0dmf2lp1d2cs9wdxg8wbm8f507-xz-5.2.4-bin/bin:/coppi/global/sys_master/applauncher/bin:/opt/komodo/bin:/opt/Tweak/rv/bin:/opt/Tweak/rv/bin/rv:/coppi/global/sys_master/applauncher/bin:/opt/komodo/bin:/opt/Tweak/rv/bin:/opt/Tweak/rv/bin/rv:/mnt/home/sakarias.johansson/.nix-profile/bin:/coppi/global/sys_master/applauncher/bin:/opt/komodo/bin:/opt/Tweak/rv/bin:/opt/Tweak/rv/bin/rv:/usr/local/bin:/usr/local/sbin:/usr/bin:/usr/sbin:/bin:/sbin:/opt/puppetlabs/bin:/mnt/home/sakarias.johansson/.local/bin:/mnt/home/sakarias.johansson/bin:/mnt/home/sakarias.johansson/.zsh/plugins/pure:/mnt/home/sakarias.johansson/.zsh/plugins/base16-shell

Yarn version: 
  1.19.1

Node version: 
  10.17.0

Platform: 
  linux x64

Trace: 
  SyntaxError: /mnt/home/sakarias.johansson/code/aves/nix/theme/css/package.json: Unexpected token } in JSON at position 250
      at JSON.parse (<anonymous>)
      at /nix/store/rmqlhwpxas4vhhlyki3v2fldm35vqy9r-node_yarn-1.19.1/lib/node_modules/yarn/lib/cli.js:1625:59
      at Generator.next (<anonymous>)
      at step (/nix/store/rmqlhwpxas4vhhlyki3v2fldm35vqy9r-node_yarn-1.19.1/lib/node_modules/yarn/lib/cli.js:304:30)
      at /nix/store/rmqlhwpxas4vhhlyki3v2fldm35vqy9r-node_yarn-1.19.1/lib/node_modules/yarn/lib/cli.js:315:13

npm manifest: 
  {
    "name": "aves-theme",
    "version": "0.1.0",
    "description": "Aves Theme",
    "repository": {
      "type": "git",
      "url": "https://github.com/goodbyekansas/aves.git"
    },
    "dependencies": {
        "bulma": "^0.8.0",
        "sass": "^1.25.0"
    },
  }

yarn manifest: 
  No manifest

Lockfile: 
  No lockfile
